Arguments: 
  /Users/pyroman/.asdf/installs/nodejs/16.5.0/bin/node /Users/pyroman/.asdf/installs/yarn/1.22.19/bin/yarn.js add stimulus-webpack-helpers

PATH: 
  /Users/pyroman/.asdf/plugins/nodejs/shims:/Users/pyroman/.asdf/installs/nodejs/16.5.0/bin:/Users/pyroman/.asdf/installs/yarn/1.22.19/bin:/Users/pyroman/.asdf/shims:/usr/local/opt/asdf/libexec/bin:/usr/local/bin:/usr/local/bin:/System/Cryptexes/App/usr/bin:/usr/bin:/bin:/usr/sbin:/sbin:/Library/Apple/usr/bin

Yarn version: 
  1.22.19

Node version: 
  16.5.0

Platform: 
  darwin x64

Trace: 
  Error: https://registry.yarnpkg.com/stimulus-webpack-helpers: Not found
      at Request.params.callback [as _callback] (/Users/pyroman/.asdf/installs/yarn/1.22.19/lib/cli.js:66145:18)
      at Request.self.callback (/Users/pyroman/.asdf/installs/yarn/1.22.19/lib/cli.js:140890:22)
      at Request.emit (node:events:394:28)
      at Request.<anonymous> (/Users/pyroman/.asdf/installs/yarn/1.22.19/lib/cli.js:141862:10)
      at Request.emit (node:events:394:28)
      at IncomingMessage.<anonymous> (/Users/pyroman/.asdf/installs/yarn/1.22.19/lib/cli.js:141784:12)
      at Object.onceWrapper (node:events:513:28)
      at IncomingMessage.emit (node:events:406:35)
      at endReadableNT (node:internal/streams/readable:1331:12)
      at processTicksAndRejections (node:internal/process/task_queues:83:21)

npm manifest: 
  {
    "dependencies": {
      "@rails/request.js": "^0.0.8",
      "flatpickr": "^4.6.13",
      "stimulus-flatpickr": "^3.0.0-0"
    }
  }

yarn manifest: 
  No manifest

Lockfile: 
  # THIS IS AN AUTOGENERATED FILE. DO NOT EDIT THIS FILE DIRECTLY.
  # yarn lockfile v1
  
  
  "@hotwired/stimulus@^3.0.0":
    version "3.2.1"
    resolved "https://registry.yarnpkg.com/@hotwired/stimulus/-/stimulus-3.2.1.tgz#e3de23623b0c52c247aba4cd5d530d257008676b"
    integrity sha512-HGlzDcf9vv/EQrMJ5ZG6VWNs8Z/xMN+1o2OhV1gKiSG6CqZt5MCBB1gRg5ILiN3U0jEAxuDTNPRfBcnZBDmupQ==
  
  "@rails/request.js@^0.0.8":
    version "0.0.8"
    resolved "https://registry.yarnpkg.com/@rails/request.js/-/request.js-0.0.8.tgz#5e2e8da15013b1af7f04d759e4e9d1cff981865c"
    integrity sha512-ysHYZDl+XjBwFVXz7EI7XW+ZWiTFY8t7TrC/ahpAPt0p7NE4DZxm1nJQY9gmF4PBf+4pAYa+D/rLIGmrn1ZMvg==
  
  flatpickr@^4.6.13:
    version "4.6.13"
    resolved "https://registry.yarnpkg.com/flatpickr/-/flatpickr-4.6.13.tgz#8a029548187fd6e0d670908471e43abe9ad18d94"
    integrity sha512-97PMG/aywoYpB4IvbvUJi0RQi8vearvU0oov1WW3k0WZPBMrTQVqekSX5CjSG/M4Q3i6A/0FKXC7RyAoAUUSPw==
  
  stimulus-flatpickr@^3.0.0-0:
    version "3.0.0-0"
    resolved "https://registry.yarnpkg.com/stimulus-flatpickr/-/stimulus-flatpickr-3.0.0-0.tgz#af9bfa70bd1b74654312580101387c9d13ee32f2"
    integrity sha512-TLfxen1OS+3Jy594+VmYkJz/IRaH5wqxxdbVB1aalS1+3EJgy/shqB/Fd4ttKWC8EIOVd8Pzx22oVnjNep3mTA==
    dependencies:
      "@hotwired/stimulus" "^3.0.0"
